C:\USERS\AMIT\DROPBOX (BIO MEDICAL ROBOTICS)\AMIT_GAMES\RAVEN - NEW DEV\GRASP_EXP\X64\DEBUG\COMMONDS.OBJ
C:\USERS\AMIT\DROPBOX (BIO MEDICAL ROBOTICS)\AMIT_GAMES\RAVEN - NEW DEV\GRASP_EXP\X64\DEBUG\FDCONTROL.OBJ
C:\USERS\AMIT\DROPBOX (BIO MEDICAL ROBOTICS)\AMIT_GAMES\RAVEN - NEW DEV\GRASP_EXP\X64\DEBUG\FRAMERATECOUNTER.OBJ
C:\USERS\AMIT\DROPBOX (BIO MEDICAL ROBOTICS)\AMIT_GAMES\RAVEN - NEW DEV\GRASP_EXP\X64\DEBUG\HAPTIC.OBJ
C:\USERS\AMIT\DROPBOX (BIO MEDICAL ROBOTICS)\AMIT_GAMES\RAVEN - NEW DEV\GRASP_EXP\X64\DEBUG\KBCONTROL.OBJ
C:\USERS\AMIT\DROPBOX (BIO MEDICAL ROBOTICS)\AMIT_GAMES\RAVEN - NEW DEV\GRASP_EXP\X64\DEBUG\MAIN.OBJ
C:\USERS\AMIT\DROPBOX (BIO MEDICAL ROBOTICS)\AMIT_GAMES\RAVEN - NEW DEV\GRASP_EXP\X64\DEBUG\PRACTICALSOCKET.OBJ
C:\USERS\AMIT\DROPBOX (BIO MEDICAL ROBOTICS)\AMIT_GAMES\RAVEN - NEW DEV\GRASP_EXP\X64\DEBUG\SIGMA_COMM.OBJ
C:\USERS\AMIT\DROPBOX (BIO MEDICAL ROBOTICS)\AMIT_GAMES\RAVEN - NEW DEV\GRASP_EXP\X64\DEBUG\SIGMA_MASTER_CODE.EXE.INTERMEDIATE.MANIFEST
C:\USERS\AMIT\DROPBOX (BIO MEDICAL ROBOTICS)\AMIT_GAMES\RAVEN - NEW DEV\GRASP_EXP\X64\DEBUG\TIMER.OBJ
C:\USERS\AMIT\DROPBOX (BIO MEDICAL ROBOTICS)\AMIT_GAMES\RAVEN - NEW DEV\GRASP_EXP\X64\DEBUG\VC100.PDB
C:\USERS\AMIT\DROPBOX (BIO MEDICAL ROBOTICS)\AMIT_GAMES\RAVEN - NEW DEV\GRASP_EXP\X64\DEBUG\VISIONTHREAD2.OBJ
C:\USERS\AMIT\DROPBOX (BIO MEDICAL ROBOTICS)\AMIT_GAMES\RAVEN - NEW DEV\X64\DEBUG\SIGMA_MASTER_CODE.EXE
C:\USERS\AMIT\DROPBOX (BIO MEDICAL ROBOTICS)\AMIT_GAMES\RAVEN - NEW DEV\X64\DEBUG\SIGMA_MASTER_CODE.PDB
C:\USERS\MASTER\DESKTOP\RAVEN_DEMO - COPY\GRASP_EXP\X64\DEBUG\COMMONDS.OBJ
C:\USERS\MASTER\DESKTOP\RAVEN_DEMO - COPY\GRASP_EXP\X64\DEBUG\FRAMERATECOUNTER.OBJ
C:\USERS\MASTER\DESKTOP\RAVEN_DEMO - COPY\GRASP_EXP\X64\DEBUG\HAPTIC.OBJ
C:\USERS\MASTER\DESKTOP\RAVEN_DEMO - COPY\GRASP_EXP\X64\DEBUG\MAIN.OBJ
C:\USERS\MASTER\DESKTOP\RAVEN_DEMO - COPY\GRASP_EXP\X64\DEBUG\PRACTICALSOCKET.OBJ
C:\USERS\MASTER\DESKTOP\RAVEN_DEMO - COPY\GRASP_EXP\X64\DEBUG\SIGMA_COMM.OBJ
C:\USERS\MASTER\DESKTOP\RAVEN_DEMO - COPY\GRASP_EXP\X64\DEBUG\SIGMA_MASTER_CODE.EXE.INTERMEDIATE.MANIFEST
C:\USERS\MASTER\DESKTOP\RAVEN_DEMO - COPY\GRASP_EXP\X64\DEBUG\TIMER.OBJ
C:\USERS\MASTER\DESKTOP\RAVEN_DEMO - COPY\GRASP_EXP\X64\DEBUG\VC100.PDB
C:\USERS\MASTER\DESKTOP\RAVEN_DEMO - COPY\GRASP_EXP\X64\DEBUG\VISIONTHREAD2.OBJ
C:\USERS\MASTER\DESKTOP\RAVEN_DEMO - COPY\X64\DEBUG\SIGMA_MASTER_CODE.EXE
C:\USERS\MASTER\DESKTOP\RAVEN_DEMO - COPY\X64\DEBUG\SIGMA_MASTER_CODE.PDB
C:\USERS\MASTER\DESKTOP\RAVEN_DEMO - WORKING\GRASP_EXP\X64\DEBUG\COMMONDS.OBJ
C:\USERS\MASTER\DESKTOP\RAVEN_DEMO - WORKING\GRASP_EXP\X64\DEBUG\FRAMERATECOUNTER.OBJ
C:\USERS\MASTER\DESKTOP\RAVEN_DEMO - WORKING\GRASP_EXP\X64\DEBUG\HAPTIC.OBJ
C:\USERS\MASTER\DESKTOP\RAVEN_DEMO - WORKING\GRASP_EXP\X64\DEBUG\MAIN.OBJ
C:\USERS\MASTER\DESKTOP\RAVEN_DEMO - WORKING\GRASP_EXP\X64\DEBUG\PRACTICALSOCKET.OBJ
C:\USERS\MASTER\DESKTOP\RAVEN_DEMO - WORKING\GRASP_EXP\X64\DEBUG\SIGMA_COMM.OBJ
C:\USERS\MASTER\DESKTOP\RAVEN_DEMO - WORKING\GRASP_EXP\X64\DEBUG\SIGMA_MASTER_CODE.EXE.INTERMEDIATE.MANIFEST
C:\USERS\MASTER\DESKTOP\RAVEN_DEMO - WORKING\GRASP_EXP\X64\DEBUG\TIMER.OBJ
C:\USERS\MASTER\DESKTOP\RAVEN_DEMO - WORKING\GRASP_EXP\X64\DEBUG\VC100.PDB
C:\USERS\MASTER\DESKTOP\RAVEN_DEMO - WORKING\GRASP_EXP\X64\DEBUG\VISIONTHREAD2.OBJ
C:\USERS\MASTER\DESKTOP\RAVEN_DEMO - WORKING\X64\DEBUG\SIGMA_MASTER_CODE.EXE
C:\USERS\MASTER\DESKTOP\RAVEN_DEMO - WORKING\X64\DEBUG\SIGMA_MASTER_CODE.PDB
C:\USERS\MASTER\DESKTOP\RAVEN_DEMO\GRASP_EXP\X64\DEBUG\COMMONDS.OBJ
C:\USERS\MASTER\DESKTOP\RAVEN_DEMO\GRASP_EXP\X64\DEBUG\FRAMERATECOUNTER.OBJ
C:\USERS\MASTER\DESKTOP\RAVEN_DEMO\GRASP_EXP\X64\DEBUG\HAPTIC.OBJ
C:\USERS\MASTER\DESKTOP\RAVEN_DEMO\GRASP_EXP\X64\DEBUG\MAIN.OBJ
C:\USERS\MASTER\DESKTOP\RAVEN_DEMO\GRASP_EXP\X64\DEBUG\PRACTICALSOCKET.OBJ
C:\USERS\MASTER\DESKTOP\RAVEN_DEMO\GRASP_EXP\X64\DEBUG\SIGMA_COMM.OBJ
C:\USERS\MASTER\DESKTOP\RAVEN_DEMO\GRASP_EXP\X64\DEBUG\SIGMA_MASTER_CODE.EXE.INTERMEDIATE.MANIFEST
C:\USERS\MASTER\DESKTOP\RAVEN_DEMO\GRASP_EXP\X64\DEBUG\TIMER.OBJ
C:\USERS\MASTER\DESKTOP\RAVEN_DEMO\GRASP_EXP\X64\DEBUG\VC100.PDB
C:\USERS\MASTER\DESKTOP\RAVEN_DEMO\GRASP_EXP\X64\DEBUG\VISIONTHREAD2.OBJ
C:\USERS\MASTER\DESKTOP\RAVEN_DEMO\X64\DEBUG\SIGMA_MASTER_CODE.EXE
C:\USERS\MASTER\DESKTOP\RAVEN_DEMO\X64\DEBUG\SIGMA_MASTER_CODE.PDB
C:\USERS\MASTER\DROPBOX (BIO MEDICAL ROBOTICS)\AMIT_GAMES\RAVEN - NEW DEV\GRASP_EXP\X64\DEBUG\AUTOCONTROL.OBJ
C:\Users\Master\Dropbox (BIO MEDICAL ROBOTICS)\amit_games\raven - new dev\grasp_exp\x64\Debug\cl.command.1.tlog
C:\Users\Master\Dropbox (BIO MEDICAL ROBOTICS)\amit_games\raven - new dev\grasp_exp\x64\Debug\CL.read.1.tlog
C:\Users\Master\Dropbox (BIO MEDICAL ROBOTICS)\amit_games\raven - new dev\grasp_exp\x64\Debug\CL.write.1.tlog
C:\USERS\MASTER\DROPBOX (BIO MEDICAL ROBOTICS)\AMIT_GAMES\RAVEN - NEW DEV\GRASP_EXP\X64\DEBUG\COMMONDS.OBJ
C:\USERS\MASTER\DROPBOX (BIO MEDICAL ROBOTICS)\AMIT_GAMES\RAVEN - NEW DEV\GRASP_EXP\X64\DEBUG\FDCONTROL.OBJ
C:\USERS\MASTER\DROPBOX (BIO MEDICAL ROBOTICS)\AMIT_GAMES\RAVEN - NEW DEV\GRASP_EXP\X64\DEBUG\FRAMERATECOUNTER.OBJ
C:\Users\Master\Dropbox (BIO MEDICAL ROBOTICS)\amit_games\raven - new dev\grasp_exp\x64\Debug\grasp_exp.vcxprojResolveAssemblyReference.cache
C:\USERS\MASTER\DROPBOX (BIO MEDICAL ROBOTICS)\AMIT_GAMES\RAVEN - NEW DEV\GRASP_EXP\X64\DEBUG\HAPTIC.OBJ
C:\USERS\MASTER\DROPBOX (BIO MEDICAL ROBOTICS)\AMIT_GAMES\RAVEN - NEW DEV\GRASP_EXP\X64\DEBUG\KBCONTROL.OBJ
C:\Users\Master\Dropbox (BIO MEDICAL ROBOTICS)\amit_games\raven - new dev\grasp_exp\x64\Debug\link.command.1.tlog
C:\Users\Master\Dropbox (BIO MEDICAL ROBOTICS)\amit_games\raven - new dev\grasp_exp\x64\Debug\link.read.1.tlog
C:\Users\Master\Dropbox (BIO MEDICAL ROBOTICS)\amit_games\raven - new dev\grasp_exp\x64\Debug\link.write.1.tlog
C:\USERS\MASTER\DROPBOX (BIO MEDICAL ROBOTICS)\AMIT_GAMES\RAVEN - NEW DEV\GRASP_EXP\X64\DEBUG\MAIN.OBJ
C:\Users\Master\Dropbox (BIO MEDICAL ROBOTICS)\amit_games\raven - new dev\grasp_exp\x64\Debug\mt.command.1.tlog
C:\Users\Master\Dropbox (BIO MEDICAL ROBOTICS)\amit_games\raven - new dev\grasp_exp\x64\Debug\mt.read.1.tlog
C:\Users\Master\Dropbox (BIO MEDICAL ROBOTICS)\amit_games\raven - new dev\grasp_exp\x64\Debug\mt.write.1.tlog
C:\USERS\MASTER\DROPBOX (BIO MEDICAL ROBOTICS)\AMIT_GAMES\RAVEN - NEW DEV\GRASP_EXP\X64\DEBUG\PRACTICALSOCKET.OBJ
C:\USERS\MASTER\DROPBOX (BIO MEDICAL ROBOTICS)\AMIT_GAMES\RAVEN - NEW DEV\GRASP_EXP\X64\DEBUG\SIGMA_COMM.OBJ
C:\USERS\MASTER\DROPBOX (BIO MEDICAL ROBOTICS)\AMIT_GAMES\RAVEN - NEW DEV\GRASP_EXP\X64\DEBUG\SIGMA_MASTER_CODE.EXE.INTERMEDIATE.MANIFEST
C:\Users\Master\Dropbox (BIO MEDICAL ROBOTICS)\amit_games\raven - new dev\grasp_exp\x64\Debug\sigma_master_code.write.1.tlog
C:\USERS\MASTER\DROPBOX (BIO MEDICAL ROBOTICS)\AMIT_GAMES\RAVEN - NEW DEV\GRASP_EXP\X64\DEBUG\TIMER.OBJ
C:\Users\Master\Dropbox (BIO MEDICAL ROBOTICS)\amit_games\raven - new dev\grasp_exp\x64\Debug\vc100.idb
C:\USERS\MASTER\DROPBOX (BIO MEDICAL ROBOTICS)\AMIT_GAMES\RAVEN - NEW DEV\GRASP_EXP\X64\DEBUG\VC100.PDB
C:\USERS\MASTER\DROPBOX (BIO MEDICAL ROBOTICS)\AMIT_GAMES\RAVEN - NEW DEV\GRASP_EXP\X64\DEBUG\VISIONTHREAD2.OBJ
C:\USERS\MASTER\DROPBOX (BIO MEDICAL ROBOTICS)\AMIT_GAMES\RAVEN - NEW DEV\X64\DEBUG\SIGMA_MASTER_CODE.EXE
C:\USERS\MASTER\DROPBOX (BIO MEDICAL ROBOTICS)\AMIT_GAMES\RAVEN - NEW DEV\X64\DEBUG\SIGMA_MASTER_CODE.PDB
C:\USERS\MASTER\DROPBOX (BIO MEDICAL ROBOTICS)\AMIT_GAMES\RAVEN_DEMO - WORKING\GRASP_EXP\X64\DEBUG\COMMONDS.OBJ
C:\USERS\MASTER\DROPBOX (BIO MEDICAL ROBOTICS)\AMIT_GAMES\RAVEN_DEMO - WORKING\GRASP_EXP\X64\DEBUG\FRAMERATECOUNTER.OBJ
C:\USERS\MASTER\DROPBOX (BIO MEDICAL ROBOTICS)\AMIT_GAMES\RAVEN_DEMO - WORKING\GRASP_EXP\X64\DEBUG\HAPTIC.OBJ
C:\USERS\MASTER\DROPBOX (BIO MEDICAL ROBOTICS)\AMIT_GAMES\RAVEN_DEMO - WORKING\GRASP_EXP\X64\DEBUG\MAIN.OBJ
C:\USERS\MASTER\DROPBOX (BIO MEDICAL ROBOTICS)\AMIT_GAMES\RAVEN_DEMO - WORKING\GRASP_EXP\X64\DEBUG\PRACTICALSOCKET.OBJ
C:\USERS\MASTER\DROPBOX (BIO MEDICAL ROBOTICS)\AMIT_GAMES\RAVEN_DEMO - WORKING\GRASP_EXP\X64\DEBUG\SIGMA_COMM.OBJ
C:\USERS\MASTER\DROPBOX (BIO MEDICAL ROBOTICS)\AMIT_GAMES\RAVEN_DEMO - WORKING\GRASP_EXP\X64\DEBUG\SIGMA_MASTER_CODE.EXE.INTERMEDIATE.MANIFEST
C:\USERS\MASTER\DROPBOX (BIO MEDICAL ROBOTICS)\AMIT_GAMES\RAVEN_DEMO - WORKING\GRASP_EXP\X64\DEBUG\TIMER.OBJ
C:\USERS\MASTER\DROPBOX (BIO MEDICAL ROBOTICS)\AMIT_GAMES\RAVEN_DEMO - WORKING\GRASP_EXP\X64\DEBUG\VC100.PDB
C:\USERS\MASTER\DROPBOX (BIO MEDICAL ROBOTICS)\AMIT_GAMES\RAVEN_DEMO - WORKING\GRASP_EXP\X64\DEBUG\VISIONTHREAD2.OBJ
C:\USERS\MASTER\DROPBOX (BIO MEDICAL ROBOTICS)\AMIT_GAMES\RAVEN_DEMO - WORKING\X64\DEBUG\SIGMA_MASTER_CODE.EXE
C:\USERS\MASTER\DROPBOX (BIO MEDICAL ROBOTICS)\AMIT_GAMES\RAVEN_DEMO - WORKING\X64\DEBUG\SIGMA_MASTER_CODE.PDB
C:\WINDOWS\MICROSOFT.NET\FRAMEWORK\V2.0.50727\MSCORWKS.DLL
C:\WINDOWS\MICROSOFT.NET\FRAMEWORK\V4.0.30319\CLR.DLL
