Build started 8/15/2012 12:35:54 AM.
     1>Project "C:\Users\biorobotics\Desktop\Visualizer\HelloSphere_VS2010.vcxproj" on node 2 (build target(s)).
     1>InitializeBuildStatus:
         Touching ".\Debug\visualizer.unsuccessfulbuild".
       ClCompile:
         All outputs are up-to-date.
       Link:
         C:\Program Files (x86)\Microsoft Visual Studio 10.0\VC\bin\link.exe /ERRORREPORT:PROMPT /OUT:".\Debug/visualizer.exe" /INCREMENTAL:NO /NOLOGO /LIBPATH:C:\OpenHaptics\Academic\3.1\lib\Win32\DebugAcademicEdition /LIBPATH:C:\OpenHaptics\Academic\3.1\utilities\lib\Win32\DebugAcademicEdition /LIBPATH:C:\OpenHaptics\Academic\3.1\lib\Win32\ hl.lib hlu.lib hd.lib hdu.lib glut32.lib ws2_32.lib kernel32.lib user32.lib gdi32.lib winspool.lib comdlg32.lib advapi32.lib shell32.lib ole32.lib oleaut32.lib uuid.lib odbc32.lib odbccp32.lib /MANIFEST /ManifestFile:".\Debug\visualizer.exe.intermediate.manifest" /MANIFESTUAC:"level='asInvoker' uiAccess='false'" /DEBUG /PDB:".\Debug/HelloSphere.pdb" /SUBSYSTEM:CONSOLE /TLBID:1 /DYNAMICBASE /NXCOMPAT /IMPLIB:".\Debug\visualizer.lib" /MACHINE:X86 .\Debug/helper.obj
         .\Debug/main.obj
         .\Debug/sckt.obj
     1>helper.obj : warning LNK4075: ignoring '/EDITANDCONTINUE' due to '/INCREMENTAL:NO' specification
     1>hdu.lib(hduDecompose.obj) : warning LNK4204: 'C:\Users\biorobotics\Desktop\Visualizer\Debug\vc100.pdb' is missing debugging information for referencing module; linking object as if no debug info
     1>hdu.lib(hduMatrix.obj) : warning LNK4204: 'C:\Users\biorobotics\Desktop\Visualizer\Debug\vc100.pdb' is missing debugging information for referencing module; linking object as if no debug info
     1>hdu.lib(hduQuaternion.obj) : warning LNK4204: 'C:\Users\biorobotics\Desktop\Visualizer\Debug\vc100.pdb' is missing debugging information for referencing module; linking object as if no debug info
         HelloSphere_VS2010.vcxproj -> C:\Users\biorobotics\Desktop\Visualizer\.\Debug\visualizer.exe
       Manifest:
         C:\Program Files (x86)\Microsoft SDKs\Windows\v7.0A\bin\mt.exe /nologo /verbose /outputresource:".\Debug/visualizer.exe;#1" /manifest .\Debug\visualizer.exe.intermediate.manifest
       FinalizeBuildStatus:
         Deleting file ".\Debug\visualizer.unsuccessfulbuild".
         Touching ".\Debug\visualizer.lastbuildstate".
     1>Done Building Project "C:\Users\biorobotics\Desktop\Visualizer\HelloSphere_VS2010.vcxproj" (build target(s)).

Build succeeded.

Time Elapsed 00:00:00.26
