Build started 9/20/2016 11:13:18 AM.
     1>Project "C:\Users\Master\Desktop\raven_demo\grasp_exp\grasp_exp.vcxproj" on node 2 (build target(s)).
     1>InitializeBuildStatus:
         Touching "Debug\sigma_master_code.unsuccessfulbuild".
       ClCompile:
         All outputs are up-to-date.
       Link:
         c:\Program Files (x86)\Microsoft Visual Studio 10.0\VC\bin\link.exe /ERRORREPORT:PROMPT /OUT:"C:\Users\Master\Desktop\raven_demo\Debug\sigma_master_code.exe" /INCREMENTAL:NO /NOLOGO /LIBPATH:"C:\Program Files\Point Grey Research\FlyCapture2\lib64" /LIBPATH:C:\opencv\build\x64\vc10\lib /LIBPATH:"C:\Program Files\Force Dimension\sdk-3.6.0\lib" /LIBPATH:"C:\Program Files\Force Dimension\sdk-3.6.0\external\freeglut\lib\\Win32\Debug" /LIBPATH:"C:\Program Files\Force Dimension\sdk-3.5.3\external\freeglut\lib\VS2010\Debug\Win32" /LIBPATH:"C:\Program Files\Force Dimension\sdk-3.6.0\external\freeglut\lib\VS2010\Debug\Win32" opencv_ocl249d.lib opencv_calib3d249d.lib opencv_contrib249d.lib opencv_core249d.lib opencv_flann249d.lib opencv_gpu249d.lib opencv_imgproc249d.lib opencv_ml249d.lib opencv_nonfree249d.lib opencv_photo249d.lib opencv_stitching249d.lib opencv_superres249d.lib opencv_ts249d.lib opencv_video249d.lib opencv_videostab249d.lib opencv_legacy249d.lib opencv_features2d249d.lib opencv_highgui249d.lib FlyCapture2d_v100.lib drdms.lib freeglut.lib dhdms.lib WS2_32.lib kernel32.lib user32.lib gdi32.lib winspool.lib comdlg32.lib advapi32.lib shell32.lib ole32.lib oleaut32.lib uuid.lib odbc32.lib odbccp32.lib /MANIFEST /ManifestFile:"Debug\sigma_master_code.exe.intermediate.manifest" /MANIFESTUAC:"level='asInvoker' uiAccess='false'" /DEBUG /PDB:"C:\Users\Master\Desktop\raven_demo\Debug\sigma_master_code.pdb" /SUBSYSTEM:CONSOLE /TLBID:1 /DYNAMICBASE /NXCOMPAT /IMPLIB:"C:\Users\Master\Desktop\raven_demo\Debug\sigma_master_code.lib" /MACHINE:X86 Debug\CommonDS.obj
         Debug\FrameRateCounter.obj
         Debug\Haptic.obj
         Debug\main.obj
         Debug\PracticalSocket.obj
         Debug\sigma_comm.obj
         Debug\Timer.obj
         Debug\VisionThread2.obj
     1>VisionThread2.obj : error LNK2019: unresolved external symbol "__declspec(dllimport) public: virtual __thiscall FlyCapture2::Error::~Error(void)" (__imp_??1Error@FlyCapture2@@UAE@XZ) referenced in function "void __cdecl printerror(class FlyCapture2::Error)" (?printerror@@YAXVError@FlyCapture2@@@Z)
     1>VisionThread2.obj : error LNK2019: unresolved external symbol "__declspec(dllimport) public: virtual void __thiscall FlyCapture2::Error::PrintErrorTrace(void)const " (__imp_?PrintErrorTrace@Error@FlyCapture2@@UBEXXZ) referenced in function "void __cdecl printerror(class FlyCapture2::Error)" (?printerror@@YAXVError@FlyCapture2@@@Z)
     1>VisionThread2.obj : error LNK2019: unresolved external symbol "__declspec(dllimport) public: virtual __thiscall FlyCapture2::Image::~Image(void)" (__imp_??1Image@FlyCapture2@@UAE@XZ) referenced in function "void __cdecl DrawScene(int)" (?DrawScene@@YAXH@Z)
     1>VisionThread2.obj : error LNK2019: unresolved external symbol "__declspec(dllimport) public: virtual unsigned char * __thiscall FlyCapture2::Image::GetData(void)" (__imp_?GetData@Image@FlyCapture2@@UAEPAEXZ) referenced in function "void __cdecl DrawScene(int)" (?DrawScene@@YAXH@Z)
     1>VisionThread2.obj : error LNK2019: unresolved external symbol "__declspec(dllimport) public: virtual class FlyCapture2::Error __thiscall FlyCapture2::Image::Convert(enum FlyCapture2::PixelFormat,class FlyCapture2::Image *)const " (__imp_?Convert@Image@FlyCapture2@@UBE?AVError@2@W4PixelFormat@2@PAV12@@Z) referenced in function "void __cdecl DrawScene(int)" (?DrawScene@@YAXH@Z)
     1>VisionThread2.obj : error LNK2019: unresolved external symbol "__declspec(dllimport) public: __thiscall FlyCapture2::Image::Image(void)" (__imp_??0Image@FlyCapture2@@QAE@XZ) referenced in function "void __cdecl DrawScene(int)" (?DrawScene@@YAXH@Z)
     1>VisionThread2.obj : error LNK2019: unresolved external symbol "__declspec(dllimport) public: __thiscall FlyCapture2::Error::Error(void)" (__imp_??0Error@FlyCapture2@@QAE@XZ) referenced in function "void __cdecl GlutDisplayFunc(void)" (?GlutDisplayFunc@@YAXXZ)
     1>VisionThread2.obj : error LNK2019: unresolved external symbol "__declspec(dllimport) public: virtual class FlyCapture2::Error __thiscall FlyCapture2::BusManager::GetCameraFromIndex(unsigned int,class FlyCapture2::PGRGuid *)" (__imp_?GetCameraFromIndex@BusManager@FlyCapture2@@UAE?AVError@2@IPAVPGRGuid@2@@Z) referenced in function "void * __cdecl visionrun2(void *)" (?visionrun2@@YAPAXPAX@Z)
     1>VisionThread2.obj : error LNK2019: unresolved external symbol "__declspec(dllimport) public: __thiscall FlyCapture2::Camera::Camera(void)" (__imp_??0Camera@FlyCapture2@@QAE@XZ) referenced in function "void * __cdecl visionrun2(void *)" (?visionrun2@@YAPAXPAX@Z)
     1>VisionThread2.obj : error LNK2019: unresolved external symbol "__declspec(dllimport) public: virtual __thiscall FlyCapture2::BusManager::~BusManager(void)" (__imp_??1BusManager@FlyCapture2@@UAE@XZ) referenced in function "void * __cdecl visionrun2(void *)" (?visionrun2@@YAPAXPAX@Z)
     1>VisionThread2.obj : error LNK2019: unresolved external symbol "__declspec(dllimport) public: __thiscall FlyCapture2::Error::Error(class FlyCapture2::Error const &)" (__imp_??0Error@FlyCapture2@@QAE@ABV01@@Z) referenced in function "void * __cdecl visionrun2(void *)" (?visionrun2@@YAPAXPAX@Z)
     1>VisionThread2.obj : error LNK2019: unresolved external symbol "__declspec(dllimport) public: virtual class FlyCapture2::Error __thiscall FlyCapture2::BusManager::GetNumOfCameras(unsigned int *)" (__imp_?GetNumOfCameras@BusManager@FlyCapture2@@UAE?AVError@2@PAI@Z) referenced in function "void * __cdecl visionrun2(void *)" (?visionrun2@@YAPAXPAX@Z)
     1>VisionThread2.obj : error LNK2019: unresolved external symbol "__declspec(dllimport) public: __thiscall FlyCapture2::BusManager::BusManager(void)" (__imp_??0BusManager@FlyCapture2@@QAE@XZ) referenced in function "void * __cdecl visionrun2(void *)" (?visionrun2@@YAPAXPAX@Z)
     1>VisionThread2.obj : error LNK2001: unresolved external symbol "public: virtual class FlyCapture2::Error __thiscall FlyCapture2::Camera::Connect(class FlyCapture2::PGRGuid *)" (?Connect@Camera@FlyCapture2@@UAE?AVError@2@PAVPGRGuid@2@@Z)
     1>VisionThread2.obj : error LNK2001: unresolved external symbol "public: virtual class FlyCapture2::Error __thiscall FlyCapture2::Camera::Disconnect(void)" (?Disconnect@Camera@FlyCapture2@@UAE?AVError@2@XZ)
     1>VisionThread2.obj : error LNK2001: unresolved external symbol "public: virtual bool __thiscall FlyCapture2::Camera::IsConnected(void)" (?IsConnected@Camera@FlyCapture2@@UAE_NXZ)
     1>VisionThread2.obj : error LNK2001: unresolved external symbol "public: virtual class FlyCapture2::Error __thiscall FlyCapture2::Camera::SetCallback(void (__cdecl*)(class FlyCapture2::Image *,void const *),void const *)" (?SetCallback@Camera@FlyCapture2@@UAE?AVError@2@P6AXPAVImage@2@PBX@Z1@Z)
     1>VisionThread2.obj : error LNK2001: unresolved external symbol "public: virtual class FlyCapture2::Error __thiscall FlyCapture2::Camera::StartCapture(void (__cdecl*)(class FlyCapture2::Image *,void const *),void const *)" (?StartCapture@Camera@FlyCapture2@@UAE?AVError@2@P6AXPAVImage@2@PBX@Z1@Z)
     1>VisionThread2.obj : error LNK2001: unresolved external symbol "public: virtual class FlyCapture2::Error __thiscall FlyCapture2::Camera::RetrieveBuffer(class FlyCapture2::Image *)" (?RetrieveBuffer@Camera@FlyCapture2@@UAE?AVError@2@PAVImage@2@@Z)
     1>VisionThread2.obj : error LNK2001: unresolved external symbol "public: virtual class FlyCapture2::Error __thiscall FlyCapture2::Camera::StopCapture(void)" (?StopCapture@Camera@FlyCapture2@@UAE?AVError@2@XZ)
     1>VisionThread2.obj : error LNK2001: unresolved external symbol "public: virtual class FlyCapture2::Error __thiscall FlyCapture2::Camera::WaitForBufferEvent(class FlyCapture2::Image *,unsigned int)" (?WaitForBufferEvent@Camera@FlyCapture2@@UAE?AVError@2@PAVImage@2@I@Z)
     1>VisionThread2.obj : error LNK2001: unresolved external symbol "public: virtual class FlyCapture2::Error __thiscall FlyCapture2::Camera::SetUserBuffers(unsigned char * const,int,int)" (?SetUserBuffers@Camera@FlyCapture2@@UAE?AVError@2@QAEHH@Z)
     1>VisionThread2.obj : error LNK2001: unresolved external symbol "public: virtual class FlyCapture2::Error __thiscall FlyCapture2::Camera::GetConfiguration(struct FlyCapture2::FC2Config *)" (?GetConfiguration@Camera@FlyCapture2@@UAE?AVError@2@PAUFC2Config@2@@Z)
     1>VisionThread2.obj : error LNK2001: unresolved external symbol "public: virtual class FlyCapture2::Error __thiscall FlyCapture2::Camera::SetConfiguration(struct FlyCapture2::FC2Config const *)" (?SetConfiguration@Camera@FlyCapture2@@UAE?AVError@2@PBUFC2Config@2@@Z)
     1>VisionThread2.obj : error LNK2001: unresolved external symbol "public: virtual class FlyCapture2::Error __thiscall FlyCapture2::Camera::GetCameraInfo(struct FlyCapture2::CameraInfo *)" (?GetCameraInfo@Camera@FlyCapture2@@UAE?AVError@2@PAUCameraInfo@2@@Z)
     1>VisionThread2.obj : error LNK2001: unresolved external symbol "public: virtual class FlyCapture2::Error __thiscall FlyCapture2::Camera::GetPropertyInfo(struct FlyCapture2::PropertyInfo *)" (?GetPropertyInfo@Camera@FlyCapture2@@UAE?AVError@2@PAUPropertyInfo@2@@Z)
     1>VisionThread2.obj : error LNK2001: unresolved external symbol "public: virtual class FlyCapture2::Error __thiscall FlyCapture2::Camera::GetProperty(struct FlyCapture2::Property *)" (?GetProperty@Camera@FlyCapture2@@UAE?AVError@2@PAUProperty@2@@Z)
     1>VisionThread2.obj : error LNK2001: unresolved external symbol "public: virtual class FlyCapture2::Error __thiscall FlyCapture2::Camera::SetProperty(struct FlyCapture2::Property const *,bool)" (?SetProperty@Camera@FlyCapture2@@UAE?AVError@2@PBUProperty@2@_N@Z)
     1>VisionThread2.obj : error LNK2001: unresolved external symbol "public: virtual class FlyCapture2::Error __thiscall FlyCapture2::Camera::GetGPIOPinDirection(unsigned int,unsigned int *)" (?GetGPIOPinDirection@Camera@FlyCapture2@@UAE?AVError@2@IPAI@Z)
     1>VisionThread2.obj : error LNK2001: unresolved external symbol "public: virtual class FlyCapture2::Error __thiscall FlyCapture2::Camera::SetGPIOPinDirection(unsigned int,unsigned int,bool)" (?SetGPIOPinDirection@Camera@FlyCapture2@@UAE?AVError@2@II_N@Z)
     1>VisionThread2.obj : error LNK2001: unresolved external symbol "public: virtual class FlyCapture2::Error __thiscall FlyCapture2::Camera::GetTriggerModeInfo(struct FlyCapture2::TriggerModeInfo *)" (?GetTriggerModeInfo@Camera@FlyCapture2@@UAE?AVError@2@PAUTriggerModeInfo@2@@Z)
     1>VisionThread2.obj : error LNK2001: unresolved external symbol "public: virtual class FlyCapture2::Error __thiscall FlyCapture2::Camera::GetTriggerMode(struct FlyCapture2::TriggerMode *)" (?GetTriggerMode@Camera@FlyCapture2@@UAE?AVError@2@PAUTriggerMode@2@@Z)
     1>VisionThread2.obj : error LNK2001: unresolved external symbol "public: virtual class FlyCapture2::Error __thiscall FlyCapture2::Camera::SetTriggerMode(struct FlyCapture2::TriggerMode const *,bool)" (?SetTriggerMode@Camera@FlyCapture2@@UAE?AVError@2@PBUTriggerMode@2@_N@Z)
     1>VisionThread2.obj : error LNK2001: unresolved external symbol "public: virtual class FlyCapture2::Error __thiscall FlyCapture2::Camera::FireSoftwareTrigger(bool)" (?FireSoftwareTrigger@Camera@FlyCapture2@@UAE?AVError@2@_N@Z)
     1>VisionThread2.obj : error LNK2001: unresolved external symbol "public: virtual class FlyCapture2::Error __thiscall FlyCapture2::Camera::GetTriggerDelayInfo(struct FlyCapture2::PropertyInfo *)" (?GetTriggerDelayInfo@Camera@FlyCapture2@@UAE?AVError@2@PAUPropertyInfo@2@@Z)
     1>VisionThread2.obj : error LNK2001: unresolved external symbol "public: virtual class FlyCapture2::Error __thiscall FlyCapture2::Camera::GetTriggerDelay(struct FlyCapture2::Property *)" (?GetTriggerDelay@Camera@FlyCapture2@@UAE?AVError@2@PAUProperty@2@@Z)
     1>VisionThread2.obj : error LNK2001: unresolved external symbol "public: virtual class FlyCapture2::Error __thiscall FlyCapture2::Camera::SetTriggerDelay(struct FlyCapture2::Property const *,bool)" (?SetTriggerDelay@Camera@FlyCapture2@@UAE?AVError@2@PBUProperty@2@_N@Z)
     1>VisionThread2.obj : error LNK2001: unresolved external symbol "public: virtual class FlyCapture2::Error __thiscall FlyCapture2::Camera::GetStrobeInfo(struct FlyCapture2::StrobeInfo *)" (?GetStrobeInfo@Camera@FlyCapture2@@UAE?AVError@2@PAUStrobeInfo@2@@Z)
     1>VisionThread2.obj : error LNK2001: unresolved external symbol "public: virtual class FlyCapture2::Error __thiscall FlyCapture2::Camera::GetStrobe(struct FlyCapture2::StrobeControl *)" (?GetStrobe@Camera@FlyCapture2@@UAE?AVError@2@PAUStrobeControl@2@@Z)
     1>VisionThread2.obj : error LNK2001: unresolved external symbol "public: virtual class FlyCapture2::Error __thiscall FlyCapture2::Camera::SetStrobe(struct FlyCapture2::StrobeControl const *,bool)" (?SetStrobe@Camera@FlyCapture2@@UAE?AVError@2@PBUStrobeControl@2@_N@Z)
     1>VisionThread2.obj : error LNK2001: unresolved external symbol "public: virtual class FlyCapture2::Error __thiscall FlyCapture2::Camera::GetLUTInfo(struct FlyCapture2::LUTData *)" (?GetLUTInfo@Camera@FlyCapture2@@UAE?AVError@2@PAULUTData@2@@Z)
     1>VisionThread2.obj : error LNK2001: unresolved external symbol "public: virtual class FlyCapture2::Error __thiscall FlyCapture2::Camera::GetLUTBankInfo(unsigned int,bool *,bool *)" (?GetLUTBankInfo@Camera@FlyCapture2@@UAE?AVError@2@IPA_N0@Z)
     1>VisionThread2.obj : error LNK2001: unresolved external symbol "public: virtual class FlyCapture2::Error __thiscall FlyCapture2::Camera::GetActiveLUTBank(unsigned int *)" (?GetActiveLUTBank@Camera@FlyCapture2@@UAE?AVError@2@PAI@Z)
     1>VisionThread2.obj : error LNK2001: unresolved external symbol "public: virtual class FlyCapture2::Error __thiscall FlyCapture2::Camera::SetActiveLUTBank(unsigned int)" (?SetActiveLUTBank@Camera@FlyCapture2@@UAE?AVError@2@I@Z)
     1>VisionThread2.obj : error LNK2001: unresolved external symbol "public: virtual class FlyCapture2::Error __thiscall FlyCapture2::Camera::EnableLUT(bool)" (?EnableLUT@Camera@FlyCapture2@@UAE?AVError@2@_N@Z)
     1>VisionThread2.obj : error LNK2001: unresolved external symbol "public: virtual class FlyCapture2::Error __thiscall FlyCapture2::Camera::GetLUTChannel(unsigned int,unsigned int,unsigned int,unsigned int *)" (?GetLUTChannel@Camera@FlyCapture2@@UAE?AVError@2@IIIPAI@Z)
     1>VisionThread2.obj : error LNK2001: unresolved external symbol "public: virtual class FlyCapture2::Error __thiscall FlyCapture2::Camera::SetLUTChannel(unsigned int,unsigned int,unsigned int,unsigned int const *)" (?SetLUTChannel@Camera@FlyCapture2@@UAE?AVError@2@IIIPBI@Z)
     1>VisionThread2.obj : error LNK2001: unresolved external symbol "public: virtual class FlyCapture2::Error __thiscall FlyCapture2::Camera::GetMemoryChannel(unsigned int *)" (?GetMemoryChannel@Camera@FlyCapture2@@UAE?AVError@2@PAI@Z)
     1>VisionThread2.obj : error LNK2001: unresolved external symbol "public: virtual class FlyCapture2::Error __thiscall FlyCapture2::Camera::SaveToMemoryChannel(unsigned int)" (?SaveToMemoryChannel@Camera@FlyCapture2@@UAE?AVError@2@I@Z)
     1>VisionThread2.obj : error LNK2001: unresolved external symbol "public: virtual class FlyCapture2::Error __thiscall FlyCapture2::Camera::RestoreFromMemoryChannel(unsigned int)" (?RestoreFromMemoryChannel@Camera@FlyCapture2@@UAE?AVError@2@I@Z)
     1>VisionThread2.obj : error LNK2001: unresolved external symbol "public: virtual class FlyCapture2::Error __thiscall FlyCapture2::Camera::GetMemoryChannelInfo(unsigned int *)" (?GetMemoryChannelInfo@Camera@FlyCapture2@@UAE?AVError@2@PAI@Z)
     1>VisionThread2.obj : error LNK2001: unresolved external symbol "public: virtual class FlyCapture2::Error __thiscall FlyCapture2::Camera::GetEmbeddedImageInfo(struct FlyCapture2::EmbeddedImageInfo *)" (?GetEmbeddedImageInfo@Camera@FlyCapture2@@UAE?AVError@2@PAUEmbeddedImageInfo@2@@Z)
     1>VisionThread2.obj : error LNK2001: unresolved external symbol "public: virtual class FlyCapture2::Error __thiscall FlyCapture2::Camera::SetEmbeddedImageInfo(struct FlyCapture2::EmbeddedImageInfo *)" (?SetEmbeddedImageInfo@Camera@FlyCapture2@@UAE?AVError@2@PAUEmbeddedImageInfo@2@@Z)
     1>VisionThread2.obj : error LNK2001: unresolved external symbol "public: virtual class FlyCapture2::Error __thiscall FlyCapture2::Camera::WriteRegister(unsigned int,unsigned int,bool)" (?WriteRegister@Camera@FlyCapture2@@UAE?AVError@2@II_N@Z)
     1>VisionThread2.obj : error LNK2001: unresolved external symbol "public: virtual class FlyCapture2::Error __thiscall FlyCapture2::Camera::ReadRegister(unsigned int,unsigned int *)" (?ReadRegister@Camera@FlyCapture2@@UAE?AVError@2@IPAI@Z)
     1>VisionThread2.obj : error LNK2001: unresolved external symbol "public: virtual class FlyCapture2::Error __thiscall FlyCapture2::Camera::WriteRegisterBlock(unsigned short,unsigned int,unsigned int const *,unsigned int)" (?WriteRegisterBlock@Camera@FlyCapture2@@UAE?AVError@2@GIPBII@Z)
     1>VisionThread2.obj : error LNK2001: unresolved external symbol "public: virtual class FlyCapture2::Error __thiscall FlyCapture2::Camera::ReadRegisterBlock(unsigned short,unsigned int,unsigned int *,unsigned int)" (?ReadRegisterBlock@Camera@FlyCapture2@@UAE?AVError@2@GIPAII@Z)
     1>VisionThread2.obj : error LNK2001: unresolved external symbol "public: virtual class FlyCapture2::Error __thiscall FlyCapture2::Camera::GetCycleTime(struct FlyCapture2::TimeStamp *)" (?GetCycleTime@Camera@FlyCapture2@@UAE?AVError@2@PAUTimeStamp@2@@Z)
     1>VisionThread2.obj : error LNK2001: unresolved external symbol "public: virtual class FlyCapture2::Error __thiscall FlyCapture2::Camera::GetStats(struct FlyCapture2::CameraStats *)" (?GetStats@Camera@FlyCapture2@@UAE?AVError@2@PAUCameraStats@2@@Z)
     1>VisionThread2.obj : error LNK2001: unresolved external symbol "public: virtual class FlyCapture2::Error __thiscall FlyCapture2::Camera::ResetStats(void)" (?ResetStats@Camera@FlyCapture2@@UAE?AVError@2@XZ)
     1>VisionThread2.obj : error LNK2001: unresolved external symbol "public: virtual class FlyCapture2::Error __thiscall FlyCapture2::Camera::GetVideoModeAndFrameRateInfo(enum FlyCapture2::VideoMode,enum FlyCapture2::FrameRate,bool *)" (?GetVideoModeAndFrameRateInfo@Camera@FlyCapture2@@UAE?AVError@2@W4VideoMode@2@W4FrameRate@2@PA_N@Z)
     1>VisionThread2.obj : error LNK2001: unresolved external symbol "public: virtual class FlyCapture2::Error __thiscall FlyCapture2::Camera::GetVideoModeAndFrameRate(enum FlyCapture2::VideoMode *,enum FlyCapture2::FrameRate *)" (?GetVideoModeAndFrameRate@Camera@FlyCapture2@@UAE?AVError@2@PAW4VideoMode@2@PAW4FrameRate@2@@Z)
     1>VisionThread2.obj : error LNK2001: unresolved external symbol "public: virtual class FlyCapture2::Error __thiscall FlyCapture2::Camera::SetVideoModeAndFrameRate(enum FlyCapture2::VideoMode,enum FlyCapture2::FrameRate)" (?SetVideoModeAndFrameRate@Camera@FlyCapture2@@UAE?AVError@2@W4VideoMode@2@W4FrameRate@2@@Z)
     1>VisionThread2.obj : error LNK2001: unresolved external symbol "public: virtual class FlyCapture2::Error __thiscall FlyCapture2::Camera::GetFormat7Info(struct FlyCapture2::Format7Info *,bool *)" (?GetFormat7Info@Camera@FlyCapture2@@UAE?AVError@2@PAUFormat7Info@2@PA_N@Z)
     1>VisionThread2.obj : error LNK2001: unresolved external symbol "public: virtual class FlyCapture2::Error __thiscall FlyCapture2::Camera::ValidateFormat7Settings(struct FlyCapture2::Format7ImageSettings const *,bool *,struct FlyCapture2::Format7PacketInfo *)" (?ValidateFormat7Settings@Camera@FlyCapture2@@UAE?AVError@2@PBUFormat7ImageSettings@2@PA_NPAUFormat7PacketInfo@2@@Z)
     1>VisionThread2.obj : error LNK2001: unresolved external symbol "public: virtual class FlyCapture2::Error __thiscall FlyCapture2::Camera::GetFormat7Configuration(struct FlyCapture2::Format7ImageSettings *,unsigned int *,float *)" (?GetFormat7Configuration@Camera@FlyCapture2@@UAE?AVError@2@PAUFormat7ImageSettings@2@PAIPAM@Z)
     1>VisionThread2.obj : error LNK2001: unresolved external symbol "public: virtual class FlyCapture2::Error __thiscall FlyCapture2::Camera::SetFormat7Configuration(struct FlyCapture2::Format7ImageSettings const *,float)" (?SetFormat7Configuration@Camera@FlyCapture2@@UAE?AVError@2@PBUFormat7ImageSettings@2@M@Z)
     1>VisionThread2.obj : error LNK2001: unresolved external symbol "public: virtual class FlyCapture2::Error __thiscall FlyCapture2::Camera::SetFormat7Configuration(struct FlyCapture2::Format7ImageSettings const *,unsigned int)" (?SetFormat7Configuration@Camera@FlyCapture2@@UAE?AVError@2@PBUFormat7ImageSettings@2@I@Z)
     1>VisionThread2.obj : error LNK2019: unresolved external symbol "__declspec(dllimport) public: virtual __thiscall FlyCapture2::Camera::~Camera(void)" (__imp_??1Camera@FlyCapture2@@UAE@XZ) referenced in function "public: virtual void * __thiscall FlyCapture2::Camera::`scalar deleting destructor'(unsigned int)" (??_GCamera@FlyCapture2@@UAEPAXI@Z)
     1>C:\Users\Master\Desktop\raven_demo\Debug\sigma_master_code.exe : fatal error LNK1120: 69 unresolved externals
     1>Done Building Project "C:\Users\Master\Desktop\raven_demo\grasp_exp\grasp_exp.vcxproj" (build target(s)) -- FAILED.

Build FAILED.

Time Elapsed 00:00:00.94
